c:\users\toshiba\desktop\98fdbcd3-gr61-repo\projekt\magazyn części samochodowych\x64\debug\vc142.pdb
c:\users\toshiba\desktop\98fdbcd3-gr61-repo\projekt\magazyn części samochodowych\x64\debug\vc142.idb
c:\users\toshiba\desktop\98fdbcd3-gr61-repo\projekt\magazyn części samochodowych\x64\debug\dashboard.obj
c:\users\toshiba\desktop\98fdbcd3-gr61-repo\projekt\magazyn części samochodowych\x64\debug\seat.obj
c:\users\toshiba\desktop\98fdbcd3-gr61-repo\projekt\magazyn części samochodowych\x64\debug\steeringwheel.obj
c:\users\toshiba\desktop\98fdbcd3-gr61-repo\projekt\magazyn części samochodowych\x64\debug\mainautomotiveshop.obj
c:\users\toshiba\desktop\98fdbcd3-gr61-repo\projekt\magazyn części samochodowych\x64\debug\lamp.obj
c:\users\toshiba\desktop\98fdbcd3-gr61-repo\projekt\magazyn części samochodowych\x64\debug\gearbox.obj
c:\users\toshiba\desktop\98fdbcd3-gr61-repo\projekt\magazyn części samochodowych\x64\debug\printfunctions.obj
c:\users\toshiba\desktop\98fdbcd3-gr61-repo\projekt\magazyn części samochodowych\x64\debug\logicfunctions.obj
c:\users\toshiba\desktop\98fdbcd3-gr61-repo\projekt\magazyn części samochodowych\x64\debug\filemanager.obj
c:\users\toshiba\desktop\98fdbcd3-gr61-repo\projekt\magazyn części samochodowych\x64\debug\engine.obj
c:\users\toshiba\desktop\98fdbcd3-gr61-repo\projekt\magazyn części samochodowych\x64\debug\bumper.obj
c:\users\toshiba\desktop\98fdbcd3-gr61-repo\projekt\magazyn części samochodowych\x64\debug\battery.obj
c:\users\toshiba\desktop\98fdbcd3-gr61-repo\projekt\magazyn części samochodowych\x64\debug\autopartsdealer.obj
c:\users\toshiba\desktop\98fdbcd3-gr61-repo\projekt\magazyn części samochodowych\x64\debug\automotiveshop.exe
c:\users\toshiba\desktop\98fdbcd3-gr61-repo\projekt\magazyn części samochodowych\x64\debug\automotiveshop.ilk
c:\users\toshiba\desktop\98fdbcd3-gr61-repo\projekt\magazyn części samochodowych\x64\debug\automotiveshop.pdb
c:\users\toshiba\desktop\98fdbcd3-gr61-repo\projekt\magazyn części samochodowych\x64\debug\automotiveshop.tlog\cl.command.1.tlog
c:\users\toshiba\desktop\98fdbcd3-gr61-repo\projekt\magazyn części samochodowych\x64\debug\automotiveshop.tlog\cl.read.1.tlog
c:\users\toshiba\desktop\98fdbcd3-gr61-repo\projekt\magazyn części samochodowych\x64\debug\automotiveshop.tlog\cl.write.1.tlog
c:\users\toshiba\desktop\98fdbcd3-gr61-repo\projekt\magazyn części samochodowych\x64\debug\automotiveshop.tlog\link.command.1.tlog
c:\users\toshiba\desktop\98fdbcd3-gr61-repo\projekt\magazyn części samochodowych\x64\debug\automotiveshop.tlog\link.read.1.tlog
c:\users\toshiba\desktop\98fdbcd3-gr61-repo\projekt\magazyn części samochodowych\x64\debug\automotiveshop.tlog\link.write.1.tlog
